2023.12.27 17:57:26 INFO  Started: Metals version 1.2.0 in folders '/workspace/dsa' for client Gitpod Code 1.85.1.
2023.12.27 17:57:28 WARN  no build tool detected in workspace '/workspace/dsa'. The most common cause for this problem is that the editor was opened in the wrong working directory, for example if you use sbt then the workspace directory should contain build.sbt. 
2023.12.27 17:57:28 WARN  Build server is not auto-connectable.
2023.12.27 17:57:28 WARN  no build target for: /workspace/dsa/scala/binarySearch.scala
2023.12.27 17:57:35 INFO  no build target found for /workspace/dsa/scala/binarySearch.scala. Using presentation compiler with project's scala-library version: 3.3.1
2023.12.27 17:57:36 INFO  time: code lens generation in 7.78s
2023.12.27 17:57:36 WARN  Could not find semantic tokens for: file:///workspace/dsa/scala/binarySearch.scala
2023.12.27 17:57:38 WARN  Could not find semantic tokens for: file:///workspace/dsa/scala/binarySearch.scala
Dec 27, 2023 7:10:54 PM org.eclipse.lsp4j.jsonrpc.services.GenericEndpoint notify
INFO: Unsupported notification method: $/setTrace
2023.12.27 19:48:30 INFO  Started: Metals version 1.2.0 in folders '/workspace/dsa' for client Gitpod Code 1.85.1.
2023.12.27 19:48:34 WARN  Build server is not auto-connectable.
2023.12.27 19:48:34 WARN  no build tool detected in workspace '/workspace/dsa'. The most common cause for this problem is that the editor was opened in the wrong working directory, for example if you use sbt then the workspace directory should contain build.sbt. 
2023.12.27 19:57:48 INFO  Shutting down server
2023.12.27 19:57:48 INFO  shutting down Metals
2023.12.27 19:57:48 INFO  Exiting server
2023.12.27 19:58:09 INFO  Started: Metals version 1.2.0 in folders '/workspace/dsa' for client Gitpod Code 1.85.1.
2023.12.27 19:58:10 WARN  Build server is not auto-connectable.
2023.12.27 19:58:10 WARN  no build tool detected in workspace '/workspace/dsa'. The most common cause for this problem is that the editor was opened in the wrong working directory, for example if you use sbt then the workspace directory should contain build.sbt. 
Dec 27, 2023 7:58:13 PM org.eclipse.lsp4j.jsonrpc.RemoteEndpoint handleNotification
WARNING: Notification threw an exception: {
  "jsonrpc": "2.0",
  "method": "metals/didFocusTextDocument",
  "params": [
    "vscode-notebook-cell://debug-jvitorcardoso-dsa-7joa70wekvp.ws-us107.gitpod.io/workspace/dsa/scala/test.ipynb#W0sdnNjb2RlLXJlbW90ZQ%3D%3D"
  ]
}
java.lang.RuntimeException: java.lang.reflect.InvocationTargetException
	at org.eclipse.lsp4j.jsonrpc.services.GenericEndpoint.lambda$null$0(GenericEndpoint.java:67)
	at org.eclipse.lsp4j.jsonrpc.services.GenericEndpoint.notify(GenericEndpoint.java:152)
	at org.eclipse.lsp4j.jsonrpc.RemoteEndpoint.handleNotification(RemoteEndpoint.java:220)
	at org.eclipse.lsp4j.jsonrpc.RemoteEndpoint.consume(RemoteEndpoint.java:187)
	at org.eclipse.lsp4j.jsonrpc.json.StreamMessageProducer.handleMessage(StreamMessageProducer.java:194)
	at org.eclipse.lsp4j.jsonrpc.json.StreamMessageProducer.listen(StreamMessageProducer.java:94)
	at org.eclipse.lsp4j.jsonrpc.json.ConcurrentMessageProcessor.run(ConcurrentMessageProcessor.java:113)
	at java.base/java.util.concurrent.Executors$RunnableAdapter.call(Executors.java:515)
	at java.base/java.util.concurrent.FutureTask.run(FutureTask.java:264)
	at java.base/java.util.concurrent.ThreadPoolExecutor.runWorker(ThreadPoolExecutor.java:1128)
	at java.base/java.util.concurrent.ThreadPoolExecutor$Worker.run(ThreadPoolExecutor.java:628)
	at java.base/java.lang.Thread.run(Thread.java:829)
Caused by: java.lang.reflect.InvocationTargetException
	at java.base/jdk.internal.reflect.NativeMethodAccessorImpl.invoke0(Native Method)
	at java.base/jdk.internal.reflect.NativeMethodAccessorImpl.invoke(NativeMethodAccessorImpl.java:62)
	at java.base/jdk.internal.reflect.DelegatingMethodAccessorImpl.invoke(DelegatingMethodAccessorImpl.java:43)
	at java.base/java.lang.reflect.Method.invoke(Method.java:566)
	at org.eclipse.lsp4j.jsonrpc.services.GenericEndpoint.lambda$null$0(GenericEndpoint.java:65)
	... 11 more
Caused by: java.nio.file.FileSystemNotFoundException: Provider "vscode-notebook-cell" not installed
	at java.base/java.nio.file.Path.of(Path.java:212)
	at java.base/java.nio.file.Paths.get(Paths.java:97)
	at scala.meta.internal.mtags.MtagsEnrichments$XtensionURIMtags.toAbsolutePath(MtagsEnrichments.scala:131)
	at scala.meta.internal.mtags.MtagsEnrichments$XtensionStringMtags.toAbsolutePath(MtagsEnrichments.scala:187)
	at scala.meta.internal.metals.MetalsEnrichments$XtensionString.toAbsolutePath(MetalsEnrichments.scala:684)
	at scala.meta.internal.metals.MetalsEnrichments$XtensionString.toAbsolutePath(MetalsEnrichments.scala:681)
	at scala.meta.internal.metals.WorkspaceLspService.didFocus(WorkspaceLspService.scala:627)
	at scala.meta.metals.lsp.DelegatingScalaService.didFocus(DelegatingScalaService.scala:43)
	... 16 more

Dec 27, 2023 7:58:38 PM org.eclipse.lsp4j.jsonrpc.services.GenericEndpoint notify
INFO: Unsupported notification method: $/setTrace
